[INFO][redis.go:41]2024/12/13 18:21:15 success connect to redis: localhost:6379 2
[INFO][main.go:61]2024/12/13 18:21:15 starting server at port: 8001 ...
[INFO][main.go:63]2024/12/13 18:22:15 Failed Listen: http: Server closed 
[INFO][main.go:138]2024/12/13 18:22:20 Server exiting
[INFO][main.go:79]2024/12/13 18:22:20 Triggering graceful restart ...
[INFO][main.go:119]2024/12/13 18:22:20 new server serve pid=8157
[INFO][redis.go:41]2024/12/13 18:22:20 success connect to redis: localhost:6379 2
[INFO][main.go:61]2024/12/13 18:22:20 starting server at port: 8001 ...
[INFO][redis.go:41]2024/12/13 18:24:25 success connect to redis: localhost:6379 2
[INFO][main.go:61]2024/12/13 18:24:25 starting server at port: 8001, pid : 10518 ...
[INFO][main.go:75]2024/12/13 18:24:33 Shutdown Server ...
[INFO][main.go:63]2024/12/13 18:24:33 Failed Listen: http: Server closed 
[INFO][main.go:137]2024/12/13 18:24:38 Server exiting
[INFO][redis.go:41]2024/12/13 18:24:45 success connect to redis: localhost:6379 2
[INFO][main.go:61]2024/12/13 18:24:45 starting server at port: 8001, pid : 10875 ...
[INFO][main.go:63]2024/12/13 18:24:56 Failed Listen: http: Server closed 
[INFO][main.go:137]2024/12/13 18:25:01 Server exiting
[INFO][main.go:79]2024/12/13 18:25:01 Triggering graceful restart ...
[INFO][redis.go:41]2024/12/13 18:25:01 success connect to redis: localhost:6379 2
[INFO][main.go:61]2024/12/13 18:25:01 starting server at port: 8001, pid : 11106 ...
[INFO][main.go:63]2024/12/13 18:25:13 Failed Listen: http: Server closed 
[INFO][main.go:137]2024/12/13 18:25:18 Server exiting
[INFO][main.go:79]2024/12/13 18:25:18 Triggering graceful restart ...
[INFO][redis.go:41]2024/12/13 18:25:18 success connect to redis: localhost:6379 2
[INFO][main.go:61]2024/12/13 18:25:18 starting server at port: 8001, pid : 11317 ...
[INFO][redis.go:41]2024/12/13 18:49:01 success connect to redis: localhost:6379 2
[INFO][main.go:55]2024/12/13 18:49:01 starting server first time with pid : 23203 ...
[FATAL][main.go:58]2024/12/13 18:49:01 Failed to create listener: listen tcp 0.0.0.0:8001: bind: address already in use
[INFO][main.go:72]2024/12/13 18:49:01 starting server at port: 8001, pid : 23203 ...
[INFO][redis.go:41]2024/12/13 18:50:10 success connect to redis: localhost:6379 2
[INFO][main.go:55]2024/12/13 18:50:10 starting server first time with pid : 23706 ...
[INFO][main.go:72]2024/12/13 18:50:10 starting server at port: 8001, pid : 23706 ...
[INFO][main.go:74]2024/12/13 18:50:24 Failed Listen: http: Server closed 
[INFO][main.go:158]2024/12/13 18:50:29 Server exiting
[INFO][redis.go:41]2024/12/13 18:51:16 success connect to redis: localhost:6379 2
[INFO][main.go:55]2024/12/13 18:51:16 starting server first time with pid : 24422 ...
[INFO][main.go:72]2024/12/13 18:51:16 starting server at port: 8001, pid : 24422 ...
[INFO][main.go:74]2024/12/13 18:51:25 Failed Listen: http: Server closed 
[INFO][main.go:158]2024/12/13 18:51:30 Server exiting
[INFO][main.go:90]2024/12/13 18:51:30 Triggering graceful restart ...
[ERROR][main.go:94]2024/12/13 18:51:30 Failed to start new process: failed to get listener file:&{0xc000020000 {<nil> 0 0}}
[INFO][redis.go:41]2024/12/13 18:54:02 success connect to redis: localhost:6379 2
[INFO][main.go:45]2024/12/13 18:54:02 os.Getenv(ENV_LISTEN_PID) , fmt.Sprint(os.Getpid()) 25669
[INFO][main.go:56]2024/12/13 18:54:02 starting server first time with pid : 25669 ...
[INFO][main.go:73]2024/12/13 18:54:02 starting server at port: 8001, pid : 25669 ...
[INFO][main.go:75]2024/12/13 18:54:17 Failed Listen: http: Server closed 
[INFO][main.go:159]2024/12/13 18:54:22 Server exiting
[INFO][main.go:91]2024/12/13 18:54:22 Triggering graceful restart ...
[ERROR][main.go:95]2024/12/13 18:54:22 Failed to start new process: failed to get listener file:&{0xc00060a700 {<nil> 0 0}}
[INFO][redis.go:41]2024/12/13 18:54:44 success connect to redis: localhost:6379 2
[INFO][main.go:45]2024/12/13 18:54:44 os.Getenv(ENV_LISTEN_PID) , fmt.Sprint(os.Getpid()) 26335
[INFO][main.go:56]2024/12/13 18:54:44 starting server first time with pid : 26335 ...
[INFO][main.go:73]2024/12/13 18:54:44 starting server at port: 8001, pid : 26335 ...
[INFO][main.go:90]2024/12/13 18:54:52 Triggering graceful restart ...
[INFO][redis.go:41]2024/12/13 18:54:52 success connect to redis: localhost:6379 2
[INFO][main.go:45]2024/12/13 18:54:52 os.Getenv(ENV_LISTEN_PID) 26335, fmt.Sprint(os.Getpid()) 26438
[INFO][main.go:56]2024/12/13 18:54:52 starting server first time with pid : 26438 ...
[FATAL][main.go:59]2024/12/13 18:54:52 Failed to create listener: listen tcp 0.0.0.0:8001: bind: address already in use
[INFO][main.go:73]2024/12/13 18:54:52 starting server at port: 8001, pid : 26438 ...
[INFO][redis.go:41]2024/12/13 18:56:46 success connect to redis: localhost:6379 2
[INFO][main.go:45]2024/12/13 18:56:46 os.Getenv(ENV_LISTEN_PID) , fmt.Sprint(os.Getpid()) 27207
[INFO][main.go:56]2024/12/13 18:56:46 starting server first time with pid : 27207 ...
[INFO][main.go:73]2024/12/13 18:56:46 starting server at port: 8001, pid : 27207 ...
[INFO][main.go:90]2024/12/13 18:57:16 Triggering graceful restart ...
[INFO][redis.go:41]2024/12/13 18:57:16 success connect to redis: localhost:6379 2
[INFO][main.go:45]2024/12/13 18:57:16 os.Getenv(ENV_LISTEN_PID) 27207, fmt.Sprint(os.Getpid()) 27390
[INFO][main.go:48]2024/12/13 18:57:16 starting server at new process pid : 27390 ...
[INFO][main.go:73]2024/12/13 18:57:16 starting server at port: 8001, pid : 27390 ...
[INFO][main.go:90]2024/12/13 18:59:14 Triggering graceful restart ...
[INFO][redis.go:41]2024/12/13 18:59:14 success connect to redis: localhost:6379 2
[INFO][main.go:45]2024/12/13 18:59:14 os.Getenv(ENV_LISTEN_PID) 27207, fmt.Sprint(os.Getpid()) 28106
[INFO][main.go:48]2024/12/13 18:59:14 starting server at new process pid : 28106 ...
[INFO][main.go:73]2024/12/13 18:59:14 starting server at port: 8001, pid : 28106 ...
[INFO][log.go:28]2024/12/13 18:59:55 {"ClientIP":"::1","latencyTime":91719,"reqMethod":"GET","reqUri":"/qrcode/","statusCode":304}
[INFO][log.go:28]2024/12/13 18:59:56 {"ClientIP":"::1","latencyTime":1047,"reqMethod":"GET","reqUri":"/favicon.ico","statusCode":404}
[INFO][main.go:90]2024/12/13 19:00:05 Triggering graceful restart ...
[INFO][redis.go:41]2024/12/13 19:00:05 success connect to redis: localhost:6379 2
[INFO][main.go:45]2024/12/13 19:00:05 os.Getenv(ENV_LISTEN_PID) 27207, fmt.Sprint(os.Getpid()) 28405
[INFO][main.go:48]2024/12/13 19:00:05 starting server at new process pid : 28405 ...
[INFO][main.go:73]2024/12/13 19:00:05 starting server at port: 8001, pid : 28405 ...
[INFO][log.go:28]2024/12/13 19:00:06 {"ClientIP":"::1","latencyTime":45388,"reqMethod":"GET","reqUri":"/qrcode/","statusCode":304}
[INFO][log.go:28]2024/12/13 19:00:09 {"ClientIP":"::1","latencyTime":113992,"reqMethod":"GET","reqUri":"/qrcode/","statusCode":200}
[INFO][log.go:28]2024/12/13 19:00:09 {"ClientIP":"::1","latencyTime":1360,"reqMethod":"GET","reqUri":"/favicon.ico","statusCode":404}
[INFO][log.go:28]2024/12/13 19:00:09 {"ClientIP":"::1","latencyTime":117152,"reqMethod":"GET","reqUri":"/qrcode/","statusCode":200}
[INFO][log.go:28]2024/12/13 19:00:10 {"ClientIP":"::1","latencyTime":627,"reqMethod":"GET","reqUri":"/favicon.ico","statusCode":404}
[INFO][redis.go:41]2024/12/13 19:01:22 success connect to redis: localhost:6379 2
[INFO][main.go:45]2024/12/13 19:01:22 os.Getenv(ENV_LISTEN_PID) , fmt.Sprint(os.Getpid()) 29400
[INFO][main.go:56]2024/12/13 19:01:22 starting server first time with pid : 29400 ...
[FATAL][main.go:59]2024/12/13 19:01:22 Failed to create listener: listen tcp 0.0.0.0:8001: bind: address already in use
[INFO][main.go:73]2024/12/13 19:01:22 starting server at port: 8001, pid : 29400 ...
[INFO][redis.go:41]2024/12/13 19:02:08 success connect to redis: localhost:6379 2
[INFO][main.go:45]2024/12/13 19:02:08 os.Getenv(ENV_LISTEN_PID) , fmt.Sprint(os.Getpid()) 30099
[INFO][main.go:56]2024/12/13 19:02:08 starting server first time with pid : 30099 ...
[FATAL][main.go:59]2024/12/13 19:02:08 Failed to create listener: listen tcp 0.0.0.0:8001: bind: address already in use
[INFO][main.go:73]2024/12/13 19:02:08 starting server at port: 8001, pid : 30099 ...
[INFO][redis.go:41]2024/12/13 19:02:31 success connect to redis: localhost:6379 2
[INFO][main.go:45]2024/12/13 19:02:31 os.Getenv(ENV_LISTEN_PID) , fmt.Sprint(os.Getpid()) 30514
[INFO][main.go:56]2024/12/13 19:02:31 starting server first time with pid : 30514 ...
[INFO][main.go:73]2024/12/13 19:02:31 starting server at port: 8001, pid : 30514 ...
[INFO][main.go:91]2024/12/13 19:03:04 Triggering graceful restart ...
[INFO][redis.go:41]2024/12/13 19:03:04 success connect to redis: localhost:6379 2
[INFO][main.go:45]2024/12/13 19:03:04 os.Getenv(ENV_LISTEN_PID) 30514, fmt.Sprint(os.Getpid()) 30706
[INFO][main.go:48]2024/12/13 19:03:04 starting server reuse listener at new process pid : 30706 ...
[INFO][main.go:73]2024/12/13 19:03:04 starting server at port: 8001, pid : 30706 ...
[INFO][main.go:91]2024/12/13 19:04:04 Triggering graceful restart ...
[INFO][redis.go:41]2024/12/13 19:04:04 success connect to redis: localhost:6379 2
[INFO][main.go:45]2024/12/13 19:04:04 os.Getenv(ENV_LISTEN_PID) 30514, fmt.Sprint(os.Getpid()) 31111
[INFO][main.go:48]2024/12/13 19:04:04 starting server reuse listener at new process pid : 31111 ...
[INFO][main.go:73]2024/12/13 19:04:04 starting server at port: 8001, pid : 31111 ...
[INFO][redis.go:41]2024/12/13 19:05:21 success connect to redis: localhost:6379 2
[INFO][main.go:45]2024/12/13 19:05:21 os.Getenv(ENV_LISTEN_PID) , fmt.Sprint(os.Getpid()) 32097
[INFO][main.go:56]2024/12/13 19:05:21 starting server first time with pid : 32097 ...
[INFO][main.go:73]2024/12/13 19:05:21 starting server at port: 8001, pid : 32097 ...
[INFO][main.go:87]2024/12/13 19:05:31 Shutdown Server ...
[INFO][main.go:75]2024/12/13 19:05:31 Failed Listen: http: Server closed 
[INFO][main.go:161]2024/12/13 19:05:36 Server exiting
[INFO][redis.go:41]2024/12/13 19:05:49 success connect to redis: localhost:6379 2
[INFO][main.go:45]2024/12/13 19:05:49 os.Getenv(ENV_LISTEN_PID) , fmt.Sprint(os.Getpid()) 32561
[INFO][main.go:56]2024/12/13 19:05:49 starting server first time with pid : 32561 ...
[INFO][main.go:73]2024/12/13 19:05:49 starting server at port: 8001, pid : 32561 ...
[INFO][main.go:92]2024/12/13 19:05:59 Triggering graceful restart ...
[INFO][redis.go:41]2024/12/13 19:05:59 success connect to redis: localhost:6379 2
[INFO][main.go:45]2024/12/13 19:05:59 os.Getenv(ENV_LISTEN_PID) 32561, fmt.Sprint(os.Getpid()) 32766
[INFO][main.go:48]2024/12/13 19:05:59 starting server reuse listener at new process pid : 32766 ...
[INFO][main.go:73]2024/12/13 19:05:59 starting server at port: 8001, pid : 32766 ...
[INFO][redis.go:41]2024/12/13 19:09:37 success connect to redis: localhost:6379 2
[INFO][main.go:47]2024/12/13 19:09:37 os.Getenv(ENV_LISTEN_PID) , fmt.Sprint(os.Getpid()) 34161
[INFO][main.go:58]2024/12/13 19:09:37 starting server first time with pid : 34161 ...
[INFO][main.go:75]2024/12/13 19:09:37 starting server at port: 8001, pid : 34161 ...
[INFO][main.go:89]2024/12/13 19:11:16 Shutdown Server ...
[INFO][main.go:77]2024/12/13 19:11:16 Failed Listen: http: Server closed 
[INFO][main.go:163]2024/12/13 19:11:19 Server exiting
[INFO][redis.go:41]2024/12/13 19:11:22 success connect to redis: localhost:6379 2
[INFO][main.go:45]2024/12/13 19:11:22 uintptr(fd) 3
[INFO][main.go:47]2024/12/13 19:11:22 os.Getenv(ENV_LISTEN_PID) , fmt.Sprint(os.Getpid()) 35391
[INFO][main.go:58]2024/12/13 19:11:22 starting server first time with pid : 35391 ...
[INFO][main.go:75]2024/12/13 19:11:22 starting server at port: 8001, pid : 35391 ...
[INFO][main.go:89]2024/12/13 19:20:17 Shutdown Server ...
[INFO][main.go:77]2024/12/13 19:20:17 Failed Listen: http: Server closed 
[INFO][main.go:162]2024/12/13 19:20:22 Server exiting
[INFO][redis.go:41]2024/12/13 19:21:02 success connect to redis: localhost:6379 2
[INFO][main.go:45]2024/12/13 19:21:02 uintptr(fd) 3
[INFO][main.go:47]2024/12/13 19:21:02 os.Getenv(ENV_LISTEN_PID) , fmt.Sprint(os.Getpid()) 37528
[INFO][main.go:58]2024/12/13 19:21:02 starting server first time with pid : 37528 ...
[INFO][main.go:75]2024/12/13 19:21:02 starting server at port: 8001, pid : 37528 ...
[INFO][log.go:28]2024/12/13 19:21:17 {"ClientIP":"::1","latencyTime":415916,"reqMethod":"GET","reqUri":"/qrcode/","statusCode":304}
[INFO][log.go:28]2024/12/13 19:21:18 {"ClientIP":"::1","latencyTime":77754,"reqMethod":"GET","reqUri":"/qrcode/","statusCode":304}
[INFO][main.go:94]2024/12/13 19:21:28 Triggering graceful restart ...
[INFO][redis.go:41]2024/12/13 19:21:28 success connect to redis: localhost:6379 2
[INFO][main.go:45]2024/12/13 19:21:28 uintptr(fd) 3
[INFO][main.go:47]2024/12/13 19:21:28 os.Getenv(ENV_LISTEN_PID) 37528, fmt.Sprint(os.Getpid()) 37789
[INFO][main.go:50]2024/12/13 19:21:28 starting server reuse listener at new process pid : 37789 ...
[INFO][main.go:75]2024/12/13 19:21:28 starting server at port: 8001, pid : 37789 ...
[INFO][log.go:28]2024/12/13 19:21:32 {"ClientIP":"::1","latencyTime":49092,"reqMethod":"GET","reqUri":"/qrcode/","statusCode":304}
[INFO][log.go:28]2024/12/13 19:21:34 {"ClientIP":"::1","latencyTime":55052,"reqMethod":"GET","reqUri":"/qrcode/","statusCode":304}
[INFO][main.go:94]2024/12/13 19:21:38 Triggering graceful restart ...
[INFO][redis.go:41]2024/12/13 19:21:38 success connect to redis: localhost:6379 2
[INFO][main.go:45]2024/12/13 19:21:38 uintptr(fd) 3
[INFO][main.go:47]2024/12/13 19:21:38 os.Getenv(ENV_LISTEN_PID) 37528, fmt.Sprint(os.Getpid()) 37974
[INFO][main.go:50]2024/12/13 19:21:38 starting server reuse listener at new process pid : 37974 ...
[INFO][main.go:75]2024/12/13 19:21:38 starting server at port: 8001, pid : 37974 ...
[INFO][log.go:28]2024/12/13 19:21:42 {"ClientIP":"::1","latencyTime":82797,"reqMethod":"GET","reqUri":"/qrcode/","statusCode":304}
[INFO][log.go:28]2024/12/13 19:21:49 {"ClientIP":"::1","latencyTime":61129,"reqMethod":"GET","reqUri":"/qrcode/","statusCode":304}
[INFO][log.go:28]2024/12/13 19:21:50 {"ClientIP":"::1","latencyTime":71610,"reqMethod":"GET","reqUri":"/qrcode/","statusCode":304}
[INFO][log.go:28]2024/12/13 19:21:51 {"ClientIP":"::1","latencyTime":82288,"reqMethod":"GET","reqUri":"/qrcode/","statusCode":304}
[INFO][log.go:28]2024/12/13 19:21:52 {"ClientIP":"::1","latencyTime":62501,"reqMethod":"GET","reqUri":"/qrcode/","statusCode":304}
[INFO][log.go:28]2024/12/13 19:21:53 {"ClientIP":"::1","latencyTime":52451,"reqMethod":"GET","reqUri":"/qrcode/","statusCode":304}
[INFO][log.go:28]2024/12/13 19:21:54 {"ClientIP":"::1","latencyTime":68574,"reqMethod":"GET","reqUri":"/qrcode/","statusCode":304}
[INFO][log.go:28]2024/12/13 19:21:56 {"ClientIP":"::1","latencyTime":51509,"reqMethod":"GET","reqUri":"/qrcode/","statusCode":304}
[INFO][log.go:28]2024/12/13 19:22:07 {"ClientIP":"::1","latencyTime":56949,"reqMethod":"GET","reqUri":"/qrcode/","statusCode":304}
[INFO][log.go:28]2024/12/13 19:22:07 {"ClientIP":"::1","latencyTime":55588,"reqMethod":"GET","reqUri":"/qrcode/","statusCode":304}
[INFO][log.go:28]2024/12/13 19:22:08 {"ClientIP":"::1","latencyTime":62498,"reqMethod":"GET","reqUri":"/qrcode/","statusCode":304}
[INFO][main.go:94]2024/12/13 19:22:24 Triggering graceful restart ...
[INFO][redis.go:41]2024/12/13 19:22:24 success connect to redis: localhost:6379 2
[INFO][main.go:45]2024/12/13 19:22:24 uintptr(fd) 3
[INFO][main.go:47]2024/12/13 19:22:24 os.Getenv(ENV_LISTEN_PID) 37528, fmt.Sprint(os.Getpid()) 38407
[INFO][main.go:50]2024/12/13 19:22:24 starting server reuse listener at new process pid : 38407 ...
[INFO][main.go:75]2024/12/13 19:22:24 starting server at port: 8001, pid : 38407 ...
[INFO][redis.go:41]2024/12/13 19:32:17 success connect to redis: localhost:6379 2
[INFO][main.go:45]2024/12/13 19:32:17 uintptr(fd) 3
[INFO][main.go:47]2024/12/13 19:32:17 os.Getenv(ENV_LISTEN_PID) , fmt.Sprint(os.Getpid()) 40669
[INFO][main.go:58]2024/12/13 19:32:17 starting server first time with pid : 40669 ...
[INFO][main.go:75]2024/12/13 19:32:17 starting server at port: 8001, pid : 40669 ...
[INFO][main.go:94]2024/12/13 19:32:28 Triggering graceful restart ...
[INFO][redis.go:41]2024/12/13 19:32:28 success connect to redis: localhost:6379 2
[INFO][main.go:45]2024/12/13 19:32:28 uintptr(fd) 3
[INFO][main.go:47]2024/12/13 19:32:28 os.Getenv(ENV_LISTEN_PID) 40669, fmt.Sprint(os.Getpid()) 40804
[INFO][main.go:50]2024/12/13 19:32:28 starting server reuse listener at new process pid : 40804 ...
[INFO][main.go:75]2024/12/13 19:32:28 starting server at port: 8001, pid : 40804 ...
[INFO][log.go:28]2024/12/13 19:32:34 {"ClientIP":"::1","latencyTime":89476,"reqMethod":"GET","reqUri":"/qrcode/","statusCode":200}
[INFO][log.go:28]2024/12/13 19:32:35 {"ClientIP":"::1","latencyTime":1048,"reqMethod":"GET","reqUri":"/favicon.ico","statusCode":404}
[INFO][main.go:89]2024/12/13 19:33:06 Shutdown Server ...
[INFO][main.go:77]2024/12/13 19:33:06 Failed Listen: http: Server closed 
[INFO][main.go:162]2024/12/13 19:33:11 Server exiting
[INFO][redis.go:41]2024/12/13 19:33:30 success connect to redis: localhost:6379 2
[INFO][main.go:45]2024/12/13 19:33:30 uintptr(fd) 3
[INFO][main.go:47]2024/12/13 19:33:30 os.Getenv(ENV_LISTEN_PID) , fmt.Sprint(os.Getpid()) 41479
[INFO][main.go:58]2024/12/13 19:33:30 starting server first time with pid : 41479 ...
[INFO][main.go:75]2024/12/13 19:33:30 starting server at port: 8001, pid : 41479 ...
[INFO][main.go:94]2024/12/13 19:33:50 Triggering graceful restart ...
[INFO][redis.go:41]2024/12/13 19:33:50 success connect to redis: localhost:6379 2
[INFO][main.go:45]2024/12/13 19:33:50 uintptr(fd) 3
[INFO][main.go:47]2024/12/13 19:33:50 os.Getenv(ENV_LISTEN_PID) 41479, fmt.Sprint(os.Getpid()) 41648
[INFO][main.go:50]2024/12/13 19:33:50 starting server reuse listener at new process pid : 41648 ...
[INFO][main.go:75]2024/12/13 19:33:50 starting server at port: 8001, pid : 41648 ...
[INFO][log.go:28]2024/12/13 19:33:59 {"ClientIP":"::1","latencyTime":85568,"reqMethod":"GET","reqUri":"/qrcode/","statusCode":304}
[INFO][redis.go:41]2024/12/13 19:43:22 success connect to redis: localhost:6379 2
[INFO][main.go:45]2024/12/13 19:43:22 uintptr(fd) 3
[INFO][main.go:47]2024/12/13 19:43:22 os.Getenv(ENV_LISTEN_PID) , fmt.Sprint(os.Getpid()) 44461
[INFO][main.go:58]2024/12/13 19:43:22 starting server first time with pid : 44461 ...
[FATAL][main.go:61]2024/12/13 19:43:22 Failed to create listener: listen tcp 0.0.0.0:8001: bind: address already in use
[INFO][main.go:75]2024/12/13 19:43:22 starting server at port: 8001, pid : 44461 ...
[INFO][redis.go:41]2024/12/13 19:43:55 success connect to redis: localhost:6379 2
[INFO][main.go:45]2024/12/13 19:43:55 uintptr(fd) 3
[INFO][main.go:47]2024/12/13 19:43:55 os.Getenv(ENV_LISTEN_PID) , fmt.Sprint(os.Getpid()) 44917
[INFO][main.go:58]2024/12/13 19:43:55 starting server first time with pid : 44917 ...
[INFO][main.go:75]2024/12/13 19:43:55 starting server at port: 8001, pid : 44917 ...
[INFO][main.go:94]2024/12/13 19:44:15 Triggering graceful restart ...
[INFO][redis.go:41]2024/12/13 19:44:15 success connect to redis: localhost:6379 2
[INFO][main.go:45]2024/12/13 19:44:15 uintptr(fd) 3
[INFO][main.go:47]2024/12/13 19:44:15 os.Getenv(ENV_LISTEN_PID) 44917, fmt.Sprint(os.Getpid()) 45189
[INFO][main.go:50]2024/12/13 19:44:15 starting server reuse listener at new process pid : 45189 ...
[INFO][main.go:75]2024/12/13 19:44:15 starting server at port: 8001, pid : 45189 ...
[INFO][log.go:28]2024/12/13 19:44:29 {"ClientIP":"::1","latencyTime":92291,"reqMethod":"GET","reqUri":"/qrcode/","statusCode":304}
[INFO][redis.go:41]2024/12/13 19:45:58 success connect to redis: localhost:6379 2
[INFO][main.go:45]2024/12/13 19:45:58 uintptr(fd) 3
[INFO][main.go:47]2024/12/13 19:45:58 os.Getenv(ENV_LISTEN_PID) , fmt.Sprint(os.Getpid()) 46221
[INFO][main.go:58]2024/12/13 19:45:58 starting server first time with pid : 46221 ...
[INFO][main.go:75]2024/12/13 19:45:58 starting server at port: 8001, pid : 46221 ...
[INFO][main.go:94]2024/12/13 19:46:06 Triggering graceful restart ...
[INFO][redis.go:41]2024/12/13 19:46:07 success connect to redis: localhost:6379 2
[INFO][main.go:45]2024/12/13 19:46:07 uintptr(fd) 3
[INFO][main.go:47]2024/12/13 19:46:07 os.Getenv(ENV_LISTEN_PID) 46221, fmt.Sprint(os.Getpid()) 46374
[INFO][main.go:50]2024/12/13 19:46:07 starting server reuse listener at new process pid : 46374 ...
[INFO][main.go:75]2024/12/13 19:46:07 starting server at port: 8001, pid : 46374 ...
[INFO][log.go:28]2024/12/13 19:46:15 {"ClientIP":"::1","latencyTime":85895,"reqMethod":"GET","reqUri":"/qrcode/","statusCode":304}
[INFO][redis.go:41]2024/12/13 19:47:00 success connect to redis: localhost:6379 2
[INFO][main.go:45]2024/12/13 19:47:00 uintptr(fd) 3
[INFO][main.go:47]2024/12/13 19:47:00 os.Getenv(ENV_LISTEN_PID) , fmt.Sprint(os.Getpid()) 46936
[INFO][main.go:58]2024/12/13 19:47:00 starting server first time with pid : 46936 ...
[INFO][main.go:75]2024/12/13 19:47:00 starting server at port: 8001, pid : 46936 ...
[INFO][main.go:89]2024/12/13 19:47:07 Shutdown Server ...
[INFO][main.go:77]2024/12/13 19:47:07 Failed Listen: http: Server closed 
[INFO][main.go:168]2024/12/13 19:47:12 Server exiting
[INFO][redis.go:41]2024/12/13 19:47:26 success connect to redis: localhost:6379 2
[INFO][main.go:45]2024/12/13 19:47:26 uintptr(fd) 3
[INFO][main.go:47]2024/12/13 19:47:26 os.Getenv(ENV_LISTEN_PID) , fmt.Sprint(os.Getpid()) 47259
[INFO][main.go:58]2024/12/13 19:47:26 starting server first time with pid : 47259 ...
[INFO][main.go:75]2024/12/13 19:47:26 starting server at port: 8001, pid : 47259 ...
[INFO][main.go:94]2024/12/13 19:47:35 Triggering graceful restart ...
[INFO][redis.go:41]2024/12/13 19:47:35 success connect to redis: localhost:6379 2
[INFO][main.go:45]2024/12/13 19:47:35 uintptr(fd) 3
[INFO][main.go:47]2024/12/13 19:47:35 os.Getenv(ENV_LISTEN_PID) 47259, fmt.Sprint(os.Getpid()) 47404
[INFO][main.go:50]2024/12/13 19:47:35 starting server reuse listener at new process pid : 47404 ...
[INFO][main.go:75]2024/12/13 19:47:35 starting server at port: 8001, pid : 47404 ...
[INFO][redis.go:41]2024/12/13 19:49:15 success connect to redis: localhost:6379 2
[INFO][main.go:45]2024/12/13 19:49:15 uintptr(fd) 3
[INFO][main.go:47]2024/12/13 19:49:15 os.Getenv(ENV_LISTEN_PID) , fmt.Sprint(os.Getpid()) 48247
[INFO][main.go:58]2024/12/13 19:49:15 starting server first time with pid : 48247 ...
[INFO][main.go:75]2024/12/13 19:49:15 starting server at port: 8001, pid : 48247 ...
[INFO][main.go:94]2024/12/13 19:49:23 Triggering graceful restart ...
[ERROR][main.go:98]2024/12/13 19:49:23 Failed to start new process: failed to start new process: fork/exec /home/ywh/gin-exmaple/main: operation not permitted
